[debug] [2020-06-23T21:22:54.413Z] ----------------------------------------------------------------------
[debug] [2020-06-23T21:22:54.416Z] Command:       C:\Program Files\nodejs\node.exe C:\Users\ADMIN\AppData\Roaming\npm\node_modules\firebase-tools\lib\bin\firebase.js functions:shell
[debug] [2020-06-23T21:22:54.417Z] CLI Version:   8.4.3
[debug] [2020-06-23T21:22:54.417Z] Platform:      win32
[debug] [2020-06-23T21:22:54.417Z] Node Version:  v12.13.0
[debug] [2020-06-23T21:22:54.429Z] Time:          Tue Jun 23 2020 16:22:54 GMT-0500 (GMT-05:00)
[debug] [2020-06-23T21:22:54.430Z] ----------------------------------------------------------------------
[debug] [2020-06-23T21:22:54.430Z] 
[debug] [2020-06-23T21:22:54.454Z] > command requires scopes: ["email","openid","https://www.googleapis.com/auth/cloudplatformprojects.readonly","https://www.googleapis.com/auth/firebase","https://www.googleapis.com/auth/cloud-platform"]
[debug] [2020-06-23T21:22:54.457Z] > authorizing via signed-in user
[debug] [2020-06-23T21:22:54.458Z] [iam] checking project volar-web-18e43 for permissions ["firebase.projects.get"]
[debug] [2020-06-23T21:22:54.470Z] >>> HTTP REQUEST POST https://cloudresourcemanager.googleapis.com/v1/projects/volar-web-18e43:testIamPermissions  
 {"permissions":["firebase.projects.get"]}
[debug] [2020-06-23T21:22:55.992Z] <<< HTTP RESPONSE 200 {"content-type":"application/json; charset=UTF-8","vary":"X-Origin, Referer, Origin,Accept-Encoding","date":"Tue, 23 Jun 2020 21:22:56 GMT","server":"ESF","cache-control":"private","x-xss-protection":"0","x-frame-options":"SAMEORIGIN","x-content-type-options":"nosniff","server-timing":"gfet4t7; dur=824","alt-svc":"h3-28=\":443\"; ma=2592000,h3-27=\":443\"; ma=2592000,h3-25=\":443\"; ma=2592000,h3-T050=\":443\"; ma=2592000,h3-Q050=\":443\"; ma=2592000,h3-Q049=\":443\"; ma=2592000,h3-Q048=\":443\"; ma=2592000,h3-Q046=\":443\"; ma=2592000,h3-Q043=\":443\"; ma=2592000,quic=\":443\"; ma=2592000; v=\"46,43\"","accept-ranges":"none","transfer-encoding":"chunked"}
[warn] !  Your requested "node" version "8" doesn't match your global version "12" {"metadata":{"emulator":{"name":"functions"},"message":"Your requested \"node\" version \"8\" doesn't match your global version \"12\""}}
[debug] [2020-06-23T21:22:58.071Z] [functions] Watching "C:\Users\ADMIN\Desktop\PROYECTOS HENRI BARRETT\volar\functions" for Cloud Functions...
[debug] [2020-06-23T21:22:58.102Z] DEBUG: [worker-pool] addWorker(~diagnostic~)
[debug] [2020-06-23T21:22:58.103Z] DEBUG: [worker-pool] Adding worker with key ~diagnostic~, total=1
[debug] [2020-06-23T21:22:58.103Z] DEBUG: [worker-pool] submitWork(triggerId=)
[debug] [2020-06-23T21:22:58.103Z] DEBUG: [worker-~diagnostic~-0d7a9c1d-7306-4176-b5e2-a43f581845f8]: Assigning socketPath: \\?\pipe\C:\Users\ADMIN\Desktop\PROYECTOS HENRI BARRETT\volar\functions\5052
[debug] [2020-06-23T21:22:58.104Z] DEBUG: [worker-~diagnostic~-0d7a9c1d-7306-4176-b5e2-a43f581845f8]: BUSY
[debug] [2020-06-23T21:22:59.050Z] DEBUG: [runtime-status] [5052] Functions runtime initialized. {"cwd":"C:\\Users\\ADMIN\\Desktop\\PROYECTOS HENRI BARRETT\\volar\\functions","node_version":"12.13.0"}
[debug] [2020-06-23T21:22:59.051Z] DEBUG: [runtime-status] [5052] Disabled runtime features: undefined
[debug] [2020-06-23T21:22:59.058Z] DEBUG: [runtime-status] [5052] Resolved module firebase-admin {"declared":true,"installed":true,"version":"8.12.1","resolution":"C:\\Users\\ADMIN\\Desktop\\PROYECTOS HENRI BARRETT\\volar\\functions\\node_modules\\firebase-admin\\lib\\index.js"}
[debug] [2020-06-23T21:22:59.063Z] DEBUG: [runtime-status] [5052] Resolved module firebase-functions {"declared":true,"installed":true,"version":"3.7.0","resolution":"C:\\Users\\ADMIN\\Desktop\\PROYECTOS HENRI BARRETT\\volar\\functions\\node_modules\\firebase-functions\\lib\\index.js"}
[debug] [2020-06-23T21:22:59.066Z] DEBUG: [runtime-status] [5052] Outgoing network have been stubbed. [{"name":"http","status":"mocked"},{"name":"http","status":"mocked"},{"name":"https","status":"mocked"},{"name":"https","status":"mocked"},{"name":"net","status":"mocked"}]
[debug] [2020-06-23T21:22:59.067Z] DEBUG: [runtime-status] [5052] Resolved module firebase-functions {"declared":true,"installed":true,"version":"3.7.0","resolution":"C:\\Users\\ADMIN\\Desktop\\PROYECTOS HENRI BARRETT\\volar\\functions\\node_modules\\firebase-functions\\lib\\index.js"}
[debug] [2020-06-23T21:22:59.176Z] DEBUG: [runtime-status] [5052] Checked functions.config() {"config":{}}
[debug] [2020-06-23T21:22:59.176Z] DEBUG: [runtime-status] [5052] firebase-functions has been stubbed. {"functionsResolution":{"declared":true,"installed":true,"version":"3.7.0","resolution":"C:\\Users\\ADMIN\\Desktop\\PROYECTOS HENRI BARRETT\\volar\\functions\\node_modules\\firebase-functions\\lib\\index.js"}}
[debug] [2020-06-23T21:22:59.177Z] DEBUG: [runtime-status] [5052] Resolved module firebase-functions {"declared":true,"installed":true,"version":"3.7.0","resolution":"C:\\Users\\ADMIN\\Desktop\\PROYECTOS HENRI BARRETT\\volar\\functions\\node_modules\\firebase-functions\\lib\\index.js"}
[debug] [2020-06-23T21:22:59.179Z] DEBUG: [runtime-status] [5052] Resolved module firebase-admin {"declared":true,"installed":true,"version":"8.12.1","resolution":"C:\\Users\\ADMIN\\Desktop\\PROYECTOS HENRI BARRETT\\volar\\functions\\node_modules\\firebase-admin\\lib\\index.js"}
[debug] [2020-06-23T21:22:59.181Z] DEBUG: [runtime-status] [5052] Resolved module firebase-functions {"declared":true,"installed":true,"version":"3.7.0","resolution":"C:\\Users\\ADMIN\\Desktop\\PROYECTOS HENRI BARRETT\\volar\\functions\\node_modules\\firebase-functions\\lib\\index.js"}
[debug] [2020-06-23T21:22:59.181Z] DEBUG: [runtime-status] [5052] firebase-admin has been stubbed. {"adminResolution":{"declared":true,"installed":true,"version":"8.12.1","resolution":"C:\\Users\\ADMIN\\Desktop\\PROYECTOS HENRI BARRETT\\volar\\functions\\node_modules\\firebase-admin\\lib\\index.js"}}
[warn] !  It looks like you're trying to access functions.config().gmail but there is no value there. You can learn more about setting up config here: https://firebase.google.com/docs/functions/local-emulator {"metadata":{"emulator":{"name":"functions"},"message":"It looks like you're trying to access functions.config().gmail but there is no value there. You can learn more about setting up config here: https://firebase.google.com/docs/functions/local-emulator"}}
[warn] !  TypeError: Cannot read property 'email' of undefined
    at Object.<anonymous> (C:\Users\ADMIN\Desktop\PROYECTOS HENRI BARRETT\volar\functions\index.js:7:44)
    at Module._compile (internal/modules/cjs/loader.js:956:30)
    at Object.Module._extensions..js (internal/modules/cjs/loader.js:973:10)
    at Module.load (internal/modules/cjs/loader.js:812:32)
    at Function.Module._load (internal/modules/cjs/loader.js:724:14)
    at Module.require (internal/modules/cjs/loader.js:849:19)
    at require (internal/modules/cjs/helpers.js:74:18)
    at C:\Users\ADMIN\AppData\Roaming\npm\node_modules\firebase-tools\lib\emulator\functionsEmulatorRuntime.js:664:33
    at Generator.next (<anonymous>)
    at fulfilled (C:\Users\ADMIN\AppData\Roaming\npm\node_modules\firebase-tools\lib\emulator\functionsEmulatorRuntime.js:5:58) {"metadata":{"emulator":{"name":"functions"},"message":"TypeError: Cannot read property 'email' of undefined\n    at Object.<anonymous> (C:\\Users\\ADMIN\\Desktop\\PROYECTOS HENRI BARRETT\\volar\\functions\\index.js:7:44)\n    at Module._compile (internal/modules/cjs/loader.js:956:30)\n    at Object.Module._extensions..js (internal/modules/cjs/loader.js:973:10)\n    at Module.load (internal/modules/cjs/loader.js:812:32)\n    at Function.Module._load (internal/modules/cjs/loader.js:724:14)\n    at Module.require (internal/modules/cjs/loader.js:849:19)\n    at require (internal/modules/cjs/helpers.js:74:18)\n    at C:\\Users\\ADMIN\\AppData\\Roaming\\npm\\node_modules\\firebase-tools\\lib\\emulator\\functionsEmulatorRuntime.js:664:33\n    at Generator.next (<anonymous>)\n    at fulfilled (C:\\Users\\ADMIN\\AppData\\Roaming\\npm\\node_modules\\firebase-tools\\lib\\emulator\\functionsEmulatorRuntime.js:5:58)"}}
[warn] !  We were unable to load your functions code. (see above) {"metadata":{"emulator":{"name":"functions"}}}
[debug] [2020-06-23T21:22:59.316Z] DEBUG: [worker-~diagnostic~-0d7a9c1d-7306-4176-b5e2-a43f581845f8]: exited
[debug] [2020-06-23T21:22:59.316Z] DEBUG: [worker-~diagnostic~-0d7a9c1d-7306-4176-b5e2-a43f581845f8]: FINISHED
